# JRE version: Java(TM) SE Runtime Environment (8.0_101-b13) (build 1.8.0_101-b13)
# Java VM: Java HotSpot(TM) 64-Bit Server VM (25.101-b13 mixed mode linux-amd64 compressed oops)
Heap:
 PSYoungGen      total 349696K, used 21143K [0x00000000e0000000, 0x0000000100000000, 0x0000000100000000)
  eden space 175104K, 0% used [0x00000000e0000000,0x00000000e0000000,0x00000000eab00000)
  from space 174592K, 12% used [0x00000000eab00000,0x00000000ebfa5f98,0x00000000f5580000)
  to   space 174592K, 0% used [0x00000000f5580000,0x00000000f5580000,0x0000000100000000)
 ParOldGen       total 220672K, used 220486K [0x00000000a0000000, 0x00000000ad780000, 0x00000000e0000000)
  object space 220672K, 99% used [0x00000000a0000000,0x00000000ad751a00,0x00000000ad780000)
 Metaspace       used 76381K, capacity 79280K, committed 79488K, reserved 1118208K
  class space    used 10239K, capacity 10863K, committed 10880K, reserved 1048576K
GC Heap History (10 events):
Event: 263.347 GC heap after
Heap after GC invocations=78 (full 9):
 PSYoungGen      total 363520K, used 51700K [0x00000000e0000000, 0x00000000ff480000, 0x0000000100000000)
  eden space 226304K, 0% used [0x00000000e0000000,0x00000000e0000000,0x00000000edd00000)
  from space 137216K, 37% used [0x00000000edd00000,0x00000000f0f7d168,0x00000000f6300000)
  to   space 133120K, 0% used [0x00000000f7280000,0x00000000f7280000,0x00000000ff480000)
 ParOldGen       total 220672K, used 163877K [0x00000000a0000000, 0x00000000ad780000, 0x00000000e0000000)
  object space 220672K, 74% used [0x00000000a0000000,0x00000000aa0097b0,0x00000000ad780000)
 Metaspace       used 76371K, capacity 79280K, committed 79488K, reserved 1118208K
  class space    used 10239K, capacity 10863K, committed 10880K, reserved 1048576K
}
Event: 264.522 GC heap before
{Heap before GC invocations=79 (full 9):
 PSYoungGen      total 363520K, used 278004K [0x00000000e0000000, 0x00000000ff480000, 0x0000000100000000)
  eden space 226304K, 100% used [0x00000000e0000000,0x00000000edd00000,0x00000000edd00000)
  from space 137216K, 37% used [0x00000000edd00000,0x00000000f0f7d168,0x00000000f6300000)
  to   space 133120K, 0% used [0x00000000f7280000,0x00000000f7280000,0x00000000ff480000)
 ParOldGen       total 220672K, used 163877K [0x00000000a0000000, 0x00000000ad780000, 0x00000000e0000000)
  object space 220672K, 74% used [0x00000000a0000000,0x00000000aa0097b0,0x00000000ad780000)
 Metaspace       used 76377K, capacity 79280K, committed 79488K, reserved 1118208K
  class space    used 10239K, capacity 10863K, committed 10880K, reserved 1048576K
Event: 264.733 GC heap after
Heap after GC invocations=79 (full 9):
 PSYoungGen      total 371200K, used 85844K [0x00000000e0000000, 0x0000000100000000, 0x0000000100000000)
  eden space 238080K, 0% used [0x00000000e0000000,0x00000000e0000000,0x00000000ee880000)
  from space 133120K, 64% used [0x00000000f7280000,0x00000000fc6550b0,0x00000000ff480000)
  to   space 141312K, 0% used [0x00000000ee880000,0x00000000ee880000,0x00000000f7280000)
 ParOldGen       total 220672K, used 163877K [0x00000000a0000000, 0x00000000ad780000, 0x00000000e0000000)
  object space 220672K, 74% used [0x00000000a0000000,0x00000000aa0097b0,0x00000000ad780000)
 Metaspace       used 76377K, capacity 79280K, committed 79488K, reserved 1118208K
  class space    used 10239K, capacity 10863K, committed 10880K, reserved 1048576K
}
Event: 266.001 GC heap before
{Heap before GC invocations=80 (full 9):
 PSYoungGen      total 371200K, used 323924K [0x00000000e0000000, 0x0000000100000000, 0x0000000100000000)
  eden space 238080K, 100% used [0x00000000e0000000,0x00000000ee880000,0x00000000ee880000)
  from space 133120K, 64% used [0x00000000f7280000,0x00000000fc6550b0,0x00000000ff480000)
  to   space 141312K, 0% used [0x00000000ee880000,0x00000000ee880000,0x00000000f7280000)
 ParOldGen       total 220672K, used 163877K [0x00000000a0000000, 0x00000000ad780000, 0x00000000e0000000)
  object space 220672K, 74% used [0x00000000a0000000,0x00000000aa0097b0,0x00000000ad780000)
 Metaspace       used 76380K, capacity 79280K, committed 79488K, reserved 1118208K
  class space    used 10239K, capacity 10863K, committed 10880K, reserved 1048576K
Event: 266.236 GC heap after
Heap after GC invocations=80 (full 9):
 PSYoungGen      total 357376K, used 119279K [0x00000000e0000000, 0x0000000100000000, 0x0000000100000000)
  eden space 238080K, 0% used [0x00000000e0000000,0x00000000e0000000,0x00000000ee880000)
  from space 119296K, 99% used [0x00000000ee880000,0x00000000f5cfbd68,0x00000000f5d00000)
  to   space 160256K, 0% used [0x00000000f6380000,0x00000000f6380000,0x0000000100000000)
 ParOldGen       total 220672K, used 164581K [0x00000000a0000000, 0x00000000ad780000, 0x00000000e0000000)
  object space 220672K, 74% used [0x00000000a0000000,0x00000000aa0b97b0,0x00000000ad780000)
 Metaspace       used 76380K, capacity 79280K, committed 79488K, reserved 1118208K
  class space    used 10239K, capacity 10863K, committed 10880K, reserved 1048576K
}
Event: 267.387 GC heap before
{Heap before GC invocations=81 (full 9):
 PSYoungGen      total 357376K, used 357359K [0x00000000e0000000, 0x0000000100000000, 0x0000000100000000)
  eden space 238080K, 100% used [0x00000000e0000000,0x00000000ee880000,0x00000000ee880000)
  from space 119296K, 99% used [0x00000000ee880000,0x00000000f5cfbd68,0x00000000f5d00000)
  to   space 160256K, 0% used [0x00000000f6380000,0x00000000f6380000,0x0000000100000000)
 ParOldGen       total 220672K, used 164581K [0x00000000a0000000, 0x00000000ad780000, 0x00000000e0000000)
  object space 220672K, 74% used [0x00000000a0000000,0x00000000aa0b97b0,0x00000000ad780000)
 Metaspace       used 76381K, capacity 79280K, committed 79488K, reserved 1118208K
  class space    used 10239K, capacity 10863K, committed 10880K, reserved 1048576K
Event: 267.712 GC heap after
Heap after GC invocations=81 (full 9):
 PSYoungGen      total 335360K, used 149168K [0x00000000e0000000, 0x0000000100000000, 0x0000000100000000)
  eden space 175104K, 0% used [0x00000000e0000000,0x00000000e0000000,0x00000000eab00000)
  from space 160256K, 93% used [0x00000000f6380000,0x00000000ff52c2d0,0x0000000100000000)
  to   space 174592K, 0% used [0x00000000eab00000,0x00000000eab00000,0x00000000f5580000)
 ParOldGen       total 220672K, used 165393K [0x00000000a0000000, 0x00000000ad780000, 0x00000000e0000000)
  object space 220672K, 74% used [0x00000000a0000000,0x00000000aa1847e0,0x00000000ad780000)
 Metaspace       used 76381K, capacity 79280K, committed 79488K, reserved 1118208K
  class space    used 10239K, capacity 10863K, committed 10880K, reserved 1048576K
}
Event: 268.418 GC heap before
{Heap before GC invocations=82 (full 9):
 PSYoungGen      total 335360K, used 324272K [0x00000000e0000000, 0x0000000100000000, 0x0000000100000000)
  eden space 175104K, 100% used [0x00000000e0000000,0x00000000eab00000,0x00000000eab00000)
  from space 160256K, 93% used [0x00000000f6380000,0x00000000ff52c2d0,0x0000000100000000)
  to   space 174592K, 0% used [0x00000000eab00000,0x00000000eab00000,0x00000000f5580000)
 ParOldGen       total 220672K, used 165393K [0x00000000a0000000, 0x00000000ad780000, 0x00000000e0000000)
  object space 220672K, 74% used [0x00000000a0000000,0x00000000aa1847e0,0x00000000ad780000)
 Metaspace       used 76381K, capacity 79280K, committed 79488K, reserved 1118208K
  class space    used 10239K, capacity 10863K, committed 10880K, reserved 1048576K
Event: 268.763 GC heap after
Heap after GC invocations=82 (full 9):
 PSYoungGen      total 349696K, used 131824K [0x00000000e0000000, 0x0000000100000000, 0x0000000100000000)
  eden space 175104K, 0% used [0x00000000e0000000,0x00000000e0000000,0x00000000eab00000)
  from space 174592K, 75% used [0x00000000eab00000,0x00000000f2bbc060,0x00000000f5580000)
  to   space 174592K, 0% used [0x00000000f5580000,0x00000000f5580000,0x0000000100000000)
 ParOldGen       total 220672K, used 207334K [0x00000000a0000000, 0x00000000ad780000, 0x00000000e0000000)
  object space 220672K, 93% used [0x00000000a0000000,0x00000000aca79830,0x00000000ad780000)
 Metaspace       used 76381K, capacity 79280K, committed 79488K, reserved 1118208K
  class space    used 10239K, capacity 10863K, committed 10880K, reserved 1048576K
}
Event: 268.764 GC heap before
{Heap before GC invocations=83 (full 10):
 PSYoungGen      total 349696K, used 131824K [0x00000000e0000000, 0x0000000100000000, 0x0000000100000000)
  eden space 175104K, 0% used [0x00000000e0000000,0x00000000e0000000,0x00000000eab00000)
  from space 174592K, 75% used [0x00000000eab00000,0x00000000f2bbc060,0x00000000f5580000)
  to   space 174592K, 0% used [0x00000000f5580000,0x00000000f5580000,0x0000000100000000)
 ParOldGen       total 220672K, used 207334K [0x00000000a0000000, 0x00000000ad780000, 0x00000000e0000000)
  object space 220672K, 93% used [0x00000000a0000000,0x00000000aca79830,0x00000000ad780000)
 Metaspace       used 76381K, capacity 79280K, committed 79488K, reserved 1118208K
  class space    used 10239K, capacity 10863K, committed 10880K, reserved 1048576K

